<?xml version="1.0" encoding="UTF-8" standalone="no"?>
<testsuite errors="0" failures="0" name="io.cucumber.core.plugin.JUnitFormatter" skipped="0" tests="1" time="0.296">
    <testcase classname="Item testing" name="Add new item to basket" time="0.089">
        <system-out><![CDATA[Given an empty basket.......................................................passed
When the customer adds a new item to the basket.............................passed
Then the total price changes................................................passed
]]></system-out>
    </testcase>
</testsuite>
